DEBUG | 2018-03-31 20:59:30 | [main] model.XMasModel (XMasModel.java:220) - #Clement BEZE -> Maxime MORTIER
DEBUG | 2018-03-31 20:59:30 | [main] model.XMasModel (XMasModel.java:220) - #PI BOURDON -> Maxime PILIER
DEBUG | 2018-03-31 20:59:30 | [main] model.XMasModel (XMasModel.java:220) - #Julien MAZUREK -> Clement BEZE
DEBUG | 2018-03-31 20:59:30 | [main] model.XMasModel (XMasModel.java:220) - #Celia ROZAN -> Lisa BENOTHMANE
DEBUG | 2018-03-31 20:59:30 | [main] model.XMasModel (XMasModel.java:220) - #Maxime MORTIER -> PI BOURDON
DEBUG | 2018-03-31 20:59:30 | [main] model.XMasModel (XMasModel.java:220) - #Lisa BENOTHMANE -> Celia ROZAN
DEBUG | 2018-03-31 20:59:30 | [main] model.XMasModel (XMasModel.java:220) - #Maxime PILIER -> Julien MAZUREK
DEBUG | 2018-03-31 20:59:30 | [main] model.XMasModel (XMasModel.java:222) - -----
DEBUG | 2018-03-31 20:59:30 | [main] model.XMasModel (XMasModel.java:220) - #Clement BEZE -> Maxime MORTIER
DEBUG | 2018-03-31 20:59:30 | [main] model.XMasModel (XMasModel.java:220) - #PI BOURDON -> Lisa BENOTHMANE
DEBUG | 2018-03-31 20:59:30 | [main] model.XMasModel (XMasModel.java:220) - #Julien MAZUREK -> Clement BEZE
DEBUG | 2018-03-31 20:59:30 | [main] model.XMasModel (XMasModel.java:220) - #Celia ROZAN -> Maxime PILIER
DEBUG | 2018-03-31 20:59:30 | [main] model.XMasModel (XMasModel.java:220) - #Maxime MORTIER -> PI BOURDON
DEBUG | 2018-03-31 20:59:30 | [main] model.XMasModel (XMasModel.java:220) - #Lisa BENOTHMANE -> Celia ROZAN
DEBUG | 2018-03-31 20:59:30 | [main] model.XMasModel (XMasModel.java:220) - #Maxime PILIER -> Julien MAZUREK
DEBUG | 2018-03-31 20:59:30 | [main] model.XMasModel (XMasModel.java:222) - -----
DEBUG | 2018-03-31 20:59:30 | [main] model.XMasModel (XMasModel.java:220) - #Clement BEZE -> Maxime MORTIER
DEBUG | 2018-03-31 20:59:30 | [main] model.XMasModel (XMasModel.java:220) - #PI BOURDON -> Maxime PILIER
DEBUG | 2018-03-31 20:59:30 | [main] model.XMasModel (XMasModel.java:220) - #Julien MAZUREK -> Lisa BENOTHMANE
DEBUG | 2018-03-31 20:59:30 | [main] model.XMasModel (XMasModel.java:220) - #Celia ROZAN -> Clement BEZE
DEBUG | 2018-03-31 20:59:30 | [main] model.XMasModel (XMasModel.java:220) - #Maxime MORTIER -> PI BOURDON
DEBUG | 2018-03-31 20:59:30 | [main] model.XMasModel (XMasModel.java:220) - #Lisa BENOTHMANE -> Celia ROZAN
DEBUG | 2018-03-31 20:59:30 | [main] model.XMasModel (XMasModel.java:220) - #Maxime PILIER -> Julien MAZUREK
DEBUG | 2018-03-31 20:59:30 | [main] model.XMasModel (XMasModel.java:222) - -----
DEBUG | 2018-03-31 20:59:30 | [main] model.XMasModel (XMasModel.java:220) - #Clement BEZE -> Maxime PILIER
DEBUG | 2018-03-31 20:59:30 | [main] model.XMasModel (XMasModel.java:220) - #PI BOURDON -> Maxime MORTIER
DEBUG | 2018-03-31 20:59:30 | [main] model.XMasModel (XMasModel.java:220) - #Julien MAZUREK -> Lisa BENOTHMANE
DEBUG | 2018-03-31 20:59:30 | [main] model.XMasModel (XMasModel.java:220) - #Celia ROZAN -> Clement BEZE
DEBUG | 2018-03-31 20:59:30 | [main] model.XMasModel (XMasModel.java:220) - #Maxime MORTIER -> PI BOURDON
DEBUG | 2018-03-31 20:59:30 | [main] model.XMasModel (XMasModel.java:220) - #Lisa BENOTHMANE -> Celia ROZAN
DEBUG | 2018-03-31 20:59:30 | [main] model.XMasModel (XMasModel.java:220) - #Maxime PILIER -> Julien MAZUREK
DEBUG | 2018-03-31 20:59:30 | [main] model.XMasModel (XMasModel.java:222) - -----
DEBUG | 2018-03-31 20:59:30 | [main] model.XMasModel (XMasModel.java:220) - #Clement BEZE -> Maxime PILIER
DEBUG | 2018-03-31 20:59:30 | [main] model.XMasModel (XMasModel.java:220) - #PI BOURDON -> Maxime MORTIER
DEBUG | 2018-03-31 20:59:30 | [main] model.XMasModel (XMasModel.java:220) - #Julien MAZUREK -> Clement BEZE
DEBUG | 2018-03-31 20:59:30 | [main] model.XMasModel (XMasModel.java:220) - #Celia ROZAN -> Lisa BENOTHMANE
DEBUG | 2018-03-31 20:59:30 | [main] model.XMasModel (XMasModel.java:220) - #Maxime MORTIER -> PI BOURDON
DEBUG | 2018-03-31 20:59:30 | [main] model.XMasModel (XMasModel.java:220) - #Lisa BENOTHMANE -> Celia ROZAN
DEBUG | 2018-03-31 20:59:30 | [main] model.XMasModel (XMasModel.java:220) - #Maxime PILIER -> Julien MAZUREK
DEBUG | 2018-03-31 20:59:30 | [main] model.XMasModel (XMasModel.java:222) - -----
DEBUG | 2018-03-31 20:59:30 | [main] model.XMasModel (XMasModel.java:220) - #Clement BEZE -> Maxime MORTIER
DEBUG | 2018-03-31 20:59:30 | [main] model.XMasModel (XMasModel.java:220) - #PI BOURDON -> Lisa BENOTHMANE
DEBUG | 2018-03-31 20:59:30 | [main] model.XMasModel (XMasModel.java:220) - #Julien MAZUREK -> PI BOURDON
DEBUG | 2018-03-31 20:59:30 | [main] model.XMasModel (XMasModel.java:220) - #Celia ROZAN -> Maxime PILIER
DEBUG | 2018-03-31 20:59:30 | [main] model.XMasModel (XMasModel.java:220) - #Maxime MORTIER -> Julien MAZUREK
DEBUG | 2018-03-31 20:59:30 | [main] model.XMasModel (XMasModel.java:220) - #Lisa BENOTHMANE -> Celia ROZAN
DEBUG | 2018-03-31 20:59:30 | [main] model.XMasModel (XMasModel.java:220) - #Maxime PILIER -> Clement BEZE
DEBUG | 2018-03-31 20:59:30 | [main] model.XMasModel (XMasModel.java:222) - -----
DEBUG | 2018-03-31 20:59:30 | [main] model.XMasModel (XMasModel.java:220) - #Clement BEZE -> Maxime MORTIER
DEBUG | 2018-03-31 20:59:30 | [main] model.XMasModel (XMasModel.java:220) - #PI BOURDON -> Lisa BENOTHMANE
DEBUG | 2018-03-31 20:59:30 | [main] model.XMasModel (XMasModel.java:220) - #Julien MAZUREK -> Clement BEZE
DEBUG | 2018-03-31 20:59:30 | [main] model.XMasModel (XMasModel.java:220) - #Celia ROZAN -> Maxime PILIER
DEBUG | 2018-03-31 20:59:30 | [main] model.XMasModel (XMasModel.java:220) - #Maxime MORTIER -> Julien MAZUREK
DEBUG | 2018-03-31 20:59:30 | [main] model.XMasModel (XMasModel.java:220) - #Lisa BENOTHMANE -> Celia ROZAN
DEBUG | 2018-03-31 20:59:30 | [main] model.XMasModel (XMasModel.java:220) - #Maxime PILIER -> PI BOURDON
DEBUG | 2018-03-31 20:59:30 | [main] model.XMasModel (XMasModel.java:222) - -----
DEBUG | 2018-03-31 20:59:30 | [main] model.XMasModel (XMasModel.java:220) - #Clement BEZE -> Maxime MORTIER
DEBUG | 2018-03-31 20:59:30 | [main] model.XMasModel (XMasModel.java:220) - #PI BOURDON -> Maxime PILIER
DEBUG | 2018-03-31 20:59:30 | [main] model.XMasModel (XMasModel.java:220) - #Julien MAZUREK -> PI BOURDON
DEBUG | 2018-03-31 20:59:30 | [main] model.XMasModel (XMasModel.java:220) - #Celia ROZAN -> Lisa BENOTHMANE
DEBUG | 2018-03-31 20:59:30 | [main] model.XMasModel (XMasModel.java:220) - #Maxime MORTIER -> Julien MAZUREK
DEBUG | 2018-03-31 20:59:30 | [main] model.XMasModel (XMasModel.java:220) - #Lisa BENOTHMANE -> Celia ROZAN
DEBUG | 2018-03-31 20:59:30 | [main] model.XMasModel (XMasModel.java:220) - #Maxime PILIER -> Clement BEZE
DEBUG | 2018-03-31 20:59:30 | [main] model.XMasModel (XMasModel.java:222) - -----
DEBUG | 2018-03-31 20:59:30 | [main] model.XMasModel (XMasModel.java:220) - #Clement BEZE -> Maxime MORTIER
DEBUG | 2018-03-31 20:59:30 | [main] model.XMasModel (XMasModel.java:220) - #PI BOURDON -> Maxime PILIER
DEBUG | 2018-03-31 20:59:30 | [main] model.XMasModel (XMasModel.java:220) - #Julien MAZUREK -> Clement BEZE
DEBUG | 2018-03-31 20:59:30 | [main] model.XMasModel (XMasModel.java:220) - #Celia ROZAN -> Lisa BENOTHMANE
DEBUG | 2018-03-31 20:59:30 | [main] model.XMasModel (XMasModel.java:220) - #Maxime MORTIER -> Julien MAZUREK
DEBUG | 2018-03-31 20:59:30 | [main] model.XMasModel (XMasModel.java:220) - #Lisa BENOTHMANE -> Celia ROZAN
DEBUG | 2018-03-31 20:59:30 | [main] model.XMasModel (XMasModel.java:220) - #Maxime PILIER -> PI BOURDON
DEBUG | 2018-03-31 20:59:30 | [main] model.XMasModel (XMasModel.java:222) - -----
DEBUG | 2018-03-31 20:59:30 | [main] model.XMasModel (XMasModel.java:220) - #Clement BEZE -> Maxime MORTIER
DEBUG | 2018-03-31 20:59:30 | [main] model.XMasModel (XMasModel.java:220) - #PI BOURDON -> Maxime PILIER
DEBUG | 2018-03-31 20:59:30 | [main] model.XMasModel (XMasModel.java:220) - #Julien MAZUREK -> Lisa BENOTHMANE
DEBUG | 2018-03-31 20:59:30 | [main] model.XMasModel (XMasModel.java:220) - #Celia ROZAN -> Clement BEZE
DEBUG | 2018-03-31 20:59:30 | [main] model.XMasModel (XMasModel.java:220) - #Maxime MORTIER -> Julien MAZUREK
DEBUG | 2018-03-31 20:59:30 | [main] model.XMasModel (XMasModel.java:220) - #Lisa BENOTHMANE -> Celia ROZAN
DEBUG | 2018-03-31 20:59:30 | [main] model.XMasModel (XMasModel.java:220) - #Maxime PILIER -> PI BOURDON
DEBUG | 2018-03-31 20:59:30 | [main] model.XMasModel (XMasModel.java:222) - -----
DEBUG | 2018-03-31 20:59:30 | [main] model.XMasModel (XMasModel.java:220) - #Clement BEZE -> Maxime PILIER
DEBUG | 2018-03-31 20:59:30 | [main] model.XMasModel (XMasModel.java:220) - #PI BOURDON -> Maxime MORTIER
DEBUG | 2018-03-31 20:59:30 | [main] model.XMasModel (XMasModel.java:220) - #Julien MAZUREK -> Lisa BENOTHMANE
DEBUG | 2018-03-31 20:59:30 | [main] model.XMasModel (XMasModel.java:220) - #Celia ROZAN -> Clement BEZE
DEBUG | 2018-03-31 20:59:30 | [main] model.XMasModel (XMasModel.java:220) - #Maxime MORTIER -> Julien MAZUREK
DEBUG | 2018-03-31 20:59:30 | [main] model.XMasModel (XMasModel.java:220) - #Lisa BENOTHMANE -> Celia ROZAN
DEBUG | 2018-03-31 20:59:30 | [main] model.XMasModel (XMasModel.java:220) - #Maxime PILIER -> PI BOURDON
DEBUG | 2018-03-31 20:59:30 | [main] model.XMasModel (XMasModel.java:222) - -----
DEBUG | 2018-03-31 20:59:30 | [main] model.XMasModel (XMasModel.java:220) - #Clement BEZE -> Maxime PILIER
DEBUG | 2018-03-31 20:59:30 | [main] model.XMasModel (XMasModel.java:220) - #PI BOURDON -> Maxime MORTIER
DEBUG | 2018-03-31 20:59:30 | [main] model.XMasModel (XMasModel.java:220) - #Julien MAZUREK -> PI BOURDON
DEBUG | 2018-03-31 20:59:30 | [main] model.XMasModel (XMasModel.java:220) - #Celia ROZAN -> Lisa BENOTHMANE
DEBUG | 2018-03-31 20:59:30 | [main] model.XMasModel (XMasModel.java:220) - #Maxime MORTIER -> Julien MAZUREK
DEBUG | 2018-03-31 20:59:30 | [main] model.XMasModel (XMasModel.java:220) - #Lisa BENOTHMANE -> Celia ROZAN
DEBUG | 2018-03-31 20:59:30 | [main] model.XMasModel (XMasModel.java:220) - #Maxime PILIER -> Clement BEZE
DEBUG | 2018-03-31 20:59:30 | [main] model.XMasModel (XMasModel.java:222) - -----
DEBUG | 2018-03-31 20:59:30 | [main] model.XMasModel (XMasModel.java:220) - #Clement BEZE -> Maxime PILIER
DEBUG | 2018-03-31 20:59:30 | [main] model.XMasModel (XMasModel.java:220) - #PI BOURDON -> Maxime MORTIER
DEBUG | 2018-03-31 20:59:30 | [main] model.XMasModel (XMasModel.java:220) - #Julien MAZUREK -> Clement BEZE
DEBUG | 2018-03-31 20:59:30 | [main] model.XMasModel (XMasModel.java:220) - #Celia ROZAN -> Lisa BENOTHMANE
DEBUG | 2018-03-31 20:59:30 | [main] model.XMasModel (XMasModel.java:220) - #Maxime MORTIER -> Julien MAZUREK
DEBUG | 2018-03-31 20:59:30 | [main] model.XMasModel (XMasModel.java:220) - #Lisa BENOTHMANE -> Celia ROZAN
DEBUG | 2018-03-31 20:59:30 | [main] model.XMasModel (XMasModel.java:220) - #Maxime PILIER -> PI BOURDON
DEBUG | 2018-03-31 20:59:30 | [main] model.XMasModel (XMasModel.java:222) - -----
DEBUG | 2018-03-31 20:59:30 | [main] model.XMasModel (XMasModel.java:220) - #Clement BEZE -> Maxime PILIER
DEBUG | 2018-03-31 20:59:30 | [main] model.XMasModel (XMasModel.java:220) - #PI BOURDON -> Lisa BENOTHMANE
DEBUG | 2018-03-31 20:59:30 | [main] model.XMasModel (XMasModel.java:220) - #Julien MAZUREK -> PI BOURDON
DEBUG | 2018-03-31 20:59:30 | [main] model.XMasModel (XMasModel.java:220) - #Celia ROZAN -> Clement BEZE
DEBUG | 2018-03-31 20:59:30 | [main] model.XMasModel (XMasModel.java:220) - #Maxime MORTIER -> Julien MAZUREK
DEBUG | 2018-03-31 20:59:30 | [main] model.XMasModel (XMasModel.java:220) - #Lisa BENOTHMANE -> Celia ROZAN
DEBUG | 2018-03-31 20:59:30 | [main] model.XMasModel (XMasModel.java:220) - #Maxime PILIER -> Maxime MORTIER
DEBUG | 2018-03-31 20:59:30 | [main] model.XMasModel (XMasModel.java:222) - -----
DEBUG | 2018-03-31 20:59:30 | [main] model.XMasModel (XMasModel.java:220) - #Clement BEZE -> Celia ROZAN
DEBUG | 2018-03-31 20:59:30 | [main] model.XMasModel (XMasModel.java:220) - #PI BOURDON -> Maxime MORTIER
DEBUG | 2018-03-31 20:59:30 | [main] model.XMasModel (XMasModel.java:220) - #Julien MAZUREK -> Lisa BENOTHMANE
DEBUG | 2018-03-31 20:59:30 | [main] model.XMasModel (XMasModel.java:220) - #Celia ROZAN -> Clement BEZE
DEBUG | 2018-03-31 20:59:30 | [main] model.XMasModel (XMasModel.java:220) - #Maxime MORTIER -> PI BOURDON
DEBUG | 2018-03-31 20:59:30 | [main] model.XMasModel (XMasModel.java:220) - #Lisa BENOTHMANE -> Maxime PILIER
DEBUG | 2018-03-31 20:59:30 | [main] model.XMasModel (XMasModel.java:220) - #Maxime PILIER -> Julien MAZUREK
DEBUG | 2018-03-31 20:59:30 | [main] model.XMasModel (XMasModel.java:222) - -----
DEBUG | 2018-03-31 20:59:30 | [main] model.XMasModel (XMasModel.java:220) - #Clement BEZE -> Celia ROZAN
DEBUG | 2018-03-31 20:59:30 | [main] model.XMasModel (XMasModel.java:220) - #PI BOURDON -> Maxime MORTIER
DEBUG | 2018-03-31 20:59:30 | [main] model.XMasModel (XMasModel.java:220) - #Julien MAZUREK -> Clement BEZE
DEBUG | 2018-03-31 20:59:30 | [main] model.XMasModel (XMasModel.java:220) - #Celia ROZAN -> Lisa BENOTHMANE
DEBUG | 2018-03-31 20:59:30 | [main] model.XMasModel (XMasModel.java:220) - #Maxime MORTIER -> PI BOURDON
DEBUG | 2018-03-31 20:59:30 | [main] model.XMasModel (XMasModel.java:220) - #Lisa BENOTHMANE -> Maxime PILIER
DEBUG | 2018-03-31 20:59:30 | [main] model.XMasModel (XMasModel.java:220) - #Maxime PILIER -> Julien MAZUREK
DEBUG | 2018-03-31 20:59:30 | [main] model.XMasModel (XMasModel.java:222) - -----
DEBUG | 2018-03-31 20:59:30 | [main] model.XMasModel (XMasModel.java:220) - #Clement BEZE -> Celia ROZAN
DEBUG | 2018-03-31 20:59:30 | [main] model.XMasModel (XMasModel.java:220) - #PI BOURDON -> Maxime MORTIER
DEBUG | 2018-03-31 20:59:30 | [main] model.XMasModel (XMasModel.java:220) - #Julien MAZUREK -> Lisa BENOTHMANE
DEBUG | 2018-03-31 20:59:30 | [main] model.XMasModel (XMasModel.java:220) - #Celia ROZAN -> Clement BEZE
DEBUG | 2018-03-31 20:59:30 | [main] model.XMasModel (XMasModel.java:220) - #Maxime MORTIER -> Julien MAZUREK
DEBUG | 2018-03-31 20:59:30 | [main] model.XMasModel (XMasModel.java:220) - #Lisa BENOTHMANE -> Maxime PILIER
DEBUG | 2018-03-31 20:59:30 | [main] model.XMasModel (XMasModel.java:220) - #Maxime PILIER -> PI BOURDON
DEBUG | 2018-03-31 20:59:30 | [main] model.XMasModel (XMasModel.java:222) - -----
DEBUG | 2018-03-31 20:59:30 | [main] model.XMasModel (XMasModel.java:220) - #Clement BEZE -> Celia ROZAN
DEBUG | 2018-03-31 20:59:30 | [main] model.XMasModel (XMasModel.java:220) - #PI BOURDON -> Maxime MORTIER
DEBUG | 2018-03-31 20:59:30 | [main] model.XMasModel (XMasModel.java:220) - #Julien MAZUREK -> PI BOURDON
DEBUG | 2018-03-31 20:59:30 | [main] model.XMasModel (XMasModel.java:220) - #Celia ROZAN -> Lisa BENOTHMANE
DEBUG | 2018-03-31 20:59:30 | [main] model.XMasModel (XMasModel.java:220) - #Maxime MORTIER -> Julien MAZUREK
DEBUG | 2018-03-31 20:59:30 | [main] model.XMasModel (XMasModel.java:220) - #Lisa BENOTHMANE -> Maxime PILIER
DEBUG | 2018-03-31 20:59:30 | [main] model.XMasModel (XMasModel.java:220) - #Maxime PILIER -> Clement BEZE
DEBUG | 2018-03-31 20:59:30 | [main] model.XMasModel (XMasModel.java:222) - -----
DEBUG | 2018-03-31 20:59:30 | [main] model.XMasModel (XMasModel.java:220) - #Clement BEZE -> Celia ROZAN
DEBUG | 2018-03-31 20:59:30 | [main] model.XMasModel (XMasModel.java:220) - #PI BOURDON -> Maxime MORTIER
DEBUG | 2018-03-31 20:59:30 | [main] model.XMasModel (XMasModel.java:220) - #Julien MAZUREK -> Clement BEZE
DEBUG | 2018-03-31 20:59:30 | [main] model.XMasModel (XMasModel.java:220) - #Celia ROZAN -> Lisa BENOTHMANE
DEBUG | 2018-03-31 20:59:30 | [main] model.XMasModel (XMasModel.java:220) - #Maxime MORTIER -> Julien MAZUREK
DEBUG | 2018-03-31 20:59:30 | [main] model.XMasModel (XMasModel.java:220) - #Lisa BENOTHMANE -> Maxime PILIER
DEBUG | 2018-03-31 20:59:30 | [main] model.XMasModel (XMasModel.java:220) - #Maxime PILIER -> PI BOURDON
DEBUG | 2018-03-31 20:59:30 | [main] model.XMasModel (XMasModel.java:222) - -----
DEBUG | 2018-03-31 20:59:30 | [main] model.XMasModel (XMasModel.java:220) - #Clement BEZE -> Celia ROZAN
DEBUG | 2018-03-31 20:59:30 | [main] model.XMasModel (XMasModel.java:220) - #PI BOURDON -> Lisa BENOTHMANE
DEBUG | 2018-03-31 20:59:30 | [main] model.XMasModel (XMasModel.java:220) - #Julien MAZUREK -> PI BOURDON
DEBUG | 2018-03-31 20:59:30 | [main] model.XMasModel (XMasModel.java:220) - #Celia ROZAN -> Clement BEZE
DEBUG | 2018-03-31 20:59:30 | [main] model.XMasModel (XMasModel.java:220) - #Maxime MORTIER -> Julien MAZUREK
DEBUG | 2018-03-31 20:59:30 | [main] model.XMasModel (XMasModel.java:220) - #Lisa BENOTHMANE -> Maxime PILIER
DEBUG | 2018-03-31 20:59:30 | [main] model.XMasModel (XMasModel.java:220) - #Maxime PILIER -> Maxime MORTIER
DEBUG | 2018-03-31 20:59:30 | [main] model.XMasModel (XMasModel.java:222) - -----
DEBUG | 2018-03-31 20:59:30 | [main] model.XMasModel (XMasModel.java:220) - #Clement BEZE -> Maxime MORTIER
DEBUG | 2018-03-31 20:59:30 | [main] model.XMasModel (XMasModel.java:220) - #PI BOURDON -> Lisa BENOTHMANE
DEBUG | 2018-03-31 20:59:30 | [main] model.XMasModel (XMasModel.java:220) - #Julien MAZUREK -> PI BOURDON
DEBUG | 2018-03-31 20:59:30 | [main] model.XMasModel (XMasModel.java:220) - #Celia ROZAN -> Clement BEZE
DEBUG | 2018-03-31 20:59:30 | [main] model.XMasModel (XMasModel.java:220) - #Maxime MORTIER -> Julien MAZUREK
DEBUG | 2018-03-31 20:59:30 | [main] model.XMasModel (XMasModel.java:220) - #Lisa BENOTHMANE -> Maxime PILIER
DEBUG | 2018-03-31 20:59:30 | [main] model.XMasModel (XMasModel.java:220) - #Maxime PILIER -> Celia ROZAN
DEBUG | 2018-03-31 20:59:30 | [main] model.XMasModel (XMasModel.java:222) - -----
